# JRE version: Java(TM) SE Runtime Environment (8.0_101-b13) (build 1.8.0_101-b13)
# Java VM: Java HotSpot(TM) 64-Bit Server VM (25.101-b13 mixed mode windows-amd64 compressed oops)
Heap:
 PSYoungGen      total 161792K, used 145500K [0x00000000eab00000, 0x00000000f7400000, 0x0000000100000000)
  eden space 139264K, 88% used [0x00000000eab00000,0x00000000f231b3e8,0x00000000f3300000)
  from space 22528K, 99% used [0x00000000f5000000,0x00000000f65fbe60,0x00000000f6600000)
  to   space 29696K, 0% used [0x00000000f3300000,0x00000000f3300000,0x00000000f5000000)
 ParOldGen       total 178688K, used 50376K [0x00000000c0000000, 0x00000000cae80000, 0x00000000eab00000)
  object space 178688K, 28% used [0x00000000c0000000,0x00000000c3132188,0x00000000cae80000)
 Metaspace       used 80589K, capacity 83826K, committed 84224K, reserved 1122304K
  class space    used 10906K, capacity 11670K, committed 11776K, reserved 1048576K
GC Heap History (10 events):
Event: 42.415 GC heap before
{Heap before GC invocations=13 (full 3):
 PSYoungGen      total 113664K, used 14846K [0x00000000eab00000, 0x00000000f3500000, 0x0000000100000000)
  eden space 98816K, 0% used [0x00000000eab00000,0x00000000eab00000,0x00000000f0b80000)
  from space 14848K, 99% used [0x00000000f1d00000,0x00000000f2b7fb90,0x00000000f2b80000)
  to   space 17920K, 0% used [0x00000000f0b80000,0x00000000f0b80000,0x00000000f1d00000)
 ParOldGen       total 123392K, used 23141K [0x00000000c0000000, 0x00000000c7880000, 0x00000000eab00000)
  object space 123392K, 18% used [0x00000000c0000000,0x00000000c1699630,0x00000000c7880000)
 Metaspace       used 57381K, capacity 59090K, committed 59096K, reserved 1099776K
  class space    used 7862K, capacity 8316K, committed 8320K, reserved 1048576K
Event: 42.589 GC heap after
Heap after GC invocations=13 (full 3):
 PSYoungGen      total 113664K, used 0K [0x00000000eab00000, 0x00000000f3500000, 0x0000000100000000)
  eden space 98816K, 0% used [0x00000000eab00000,0x00000000eab00000,0x00000000f0b80000)
  from space 14848K, 0% used [0x00000000f1d00000,0x00000000f1d00000,0x00000000f2b80000)
  to   space 17920K, 0% used [0x00000000f0b80000,0x00000000f0b80000,0x00000000f1d00000)
 ParOldGen       total 178688K, used 33884K [0x00000000c0000000, 0x00000000cae80000, 0x00000000eab00000)
  object space 178688K, 18% used [0x00000000c0000000,0x00000000c21171e0,0x00000000cae80000)
 Metaspace       used 57337K, capacity 58958K, committed 59096K, reserved 1099776K
  class space    used 7848K, capacity 8272K, committed 8320K, reserved 1048576K
}
Event: 44.141 GC heap before
{Heap before GC invocations=14 (full 3):
 PSYoungGen      total 113664K, used 98816K [0x00000000eab00000, 0x00000000f3500000, 0x0000000100000000)
  eden space 98816K, 100% used [0x00000000eab00000,0x00000000f0b80000,0x00000000f0b80000)
  from space 14848K, 0% used [0x00000000f1d00000,0x00000000f1d00000,0x00000000f2b80000)
  to   space 17920K, 0% used [0x00000000f0b80000,0x00000000f0b80000,0x00000000f1d00000)
 ParOldGen       total 178688K, used 33884K [0x00000000c0000000, 0x00000000cae80000, 0x00000000eab00000)
  object space 178688K, 18% used [0x00000000c0000000,0x00000000c21171e0,0x00000000cae80000)
 Metaspace       used 60805K, capacity 62692K, committed 62976K, reserved 1103872K
  class space    used 8436K, capacity 8865K, committed 8960K, reserved 1048576K
Event: 44.150 GC heap after
Heap after GC invocations=14 (full 3):
 PSYoungGen      total 116736K, used 10189K [0x00000000eab00000, 0x00000000f4500000, 0x0000000100000000)
  eden space 98816K, 0% used [0x00000000eab00000,0x00000000eab00000,0x00000000f0b80000)
  from space 17920K, 56% used [0x00000000f0b80000,0x00000000f1573730,0x00000000f1d00000)
  to   space 16896K, 0% used [0x00000000f3480000,0x00000000f3480000,0x00000000f4500000)
 ParOldGen       total 178688K, used 33884K [0x00000000c0000000, 0x00000000cae80000, 0x00000000eab00000)
  object space 178688K, 18% used [0x00000000c0000000,0x00000000c21171e0,0x00000000cae80000)
 Metaspace       used 60805K, capacity 62692K, committed 62976K, reserved 1103872K
  class space    used 8436K, capacity 8865K, committed 8960K, reserved 1048576K
}
Event: 50.532 GC heap before
{Heap before GC invocations=15 (full 3):
 PSYoungGen      total 116736K, used 109005K [0x00000000eab00000, 0x00000000f4500000, 0x0000000100000000)
  eden space 98816K, 100% used [0x00000000eab00000,0x00000000f0b80000,0x00000000f0b80000)
  from space 17920K, 56% used [0x00000000f0b80000,0x00000000f1573730,0x00000000f1d00000)
  to   space 16896K, 0% used [0x00000000f3480000,0x00000000f3480000,0x00000000f4500000)
 ParOldGen       total 178688K, used 33884K [0x00000000c0000000, 0x00000000cae80000, 0x00000000eab00000)
  object space 178688K, 18% used [0x00000000c0000000,0x00000000c21171e0,0x00000000cae80000)
 Metaspace       used 62494K, capacity 64274K, committed 64512K, reserved 1103872K
  class space    used 8652K, capacity 9145K, committed 9216K, reserved 1048576K
Event: 50.548 GC heap after
Heap after GC invocations=15 (full 3):
 PSYoungGen      total 138240K, used 16864K [0x00000000eab00000, 0x00000000f4800000, 0x0000000100000000)
  eden space 121344K, 0% used [0x00000000eab00000,0x00000000eab00000,0x00000000f2180000)
  from space 16896K, 99% used [0x00000000f3480000,0x00000000f44f8020,0x00000000f4500000)
  to   space 19456K, 0% used [0x00000000f2180000,0x00000000f2180000,0x00000000f3480000)
 ParOldGen       total 178688K, used 35750K [0x00000000c0000000, 0x00000000cae80000, 0x00000000eab00000)
  object space 178688K, 20% used [0x00000000c0000000,0x00000000c22e9bc8,0x00000000cae80000)
 Metaspace       used 62494K, capacity 64274K, committed 64512K, reserved 1103872K
  class space    used 8652K, capacity 9145K, committed 9216K, reserved 1048576K
}
Event: 61.875 GC heap before
{Heap before GC invocations=16 (full 3):
 PSYoungGen      total 138240K, used 138208K [0x00000000eab00000, 0x00000000f4800000, 0x0000000100000000)
  eden space 121344K, 100% used [0x00000000eab00000,0x00000000f2180000,0x00000000f2180000)
  from space 16896K, 99% used [0x00000000f3480000,0x00000000f44f8020,0x00000000f4500000)
  to   space 19456K, 0% used [0x00000000f2180000,0x00000000f2180000,0x00000000f3480000)
 ParOldGen       total 178688K, used 35750K [0x00000000c0000000, 0x00000000cae80000, 0x00000000eab00000)
  object space 178688K, 20% used [0x00000000c0000000,0x00000000c22e9bc8,0x00000000cae80000)
 Metaspace       used 66163K, capacity 68404K, committed 68480K, reserved 1107968K
  class space    used 8946K, capacity 9526K, committed 9600K, reserved 1048576K
Event: 61.893 GC heap after
Heap after GC invocations=16 (full 3):
 PSYoungGen      total 140800K, used 19440K [0x00000000eab00000, 0x00000000f6600000, 0x0000000100000000)
  eden space 121344K, 0% used [0x00000000eab00000,0x00000000eab00000,0x00000000f2180000)
  from space 19456K, 99% used [0x00000000f2180000,0x00000000f347c050,0x00000000f3480000)
  to   space 22528K, 0% used [0x00000000f5000000,0x00000000f5000000,0x00000000f6600000)
 ParOldGen       total 178688K, used 38144K [0x00000000c0000000, 0x00000000cae80000, 0x00000000eab00000)
  object space 178688K, 21% used [0x00000000c0000000,0x00000000c2540128,0x00000000cae80000)
 Metaspace       used 66163K, capacity 68404K, committed 68480K, reserved 1107968K
  class space    used 8946K, capacity 9526K, committed 9600K, reserved 1048576K
}
Event: 68.000 GC heap before
{Heap before GC invocations=17 (full 3):
 PSYoungGen      total 140800K, used 140784K [0x00000000eab00000, 0x00000000f6600000, 0x0000000100000000)
  eden space 121344K, 100% used [0x00000000eab00000,0x00000000f2180000,0x00000000f2180000)
  from space 19456K, 99% used [0x00000000f2180000,0x00000000f347c050,0x00000000f3480000)
  to   space 22528K, 0% used [0x00000000f5000000,0x00000000f5000000,0x00000000f6600000)
 ParOldGen       total 178688K, used 38144K [0x00000000c0000000, 0x00000000cae80000, 0x00000000eab00000)
  object space 178688K, 21% used [0x00000000c0000000,0x00000000c2540128,0x00000000cae80000)
 Metaspace       used 74871K, capacity 77520K, committed 77696K, reserved 1116160K
  class space    used 10113K, capacity 10787K, committed 10880K, reserved 1048576K
Event: 68.022 GC heap after
Heap after GC invocations=17 (full 3):
 PSYoungGen      total 161792K, used 22511K [0x00000000eab00000, 0x00000000f7400000, 0x0000000100000000)
  eden space 139264K, 0% used [0x00000000eab00000,0x00000000eab00000,0x00000000f3300000)
  from space 22528K, 99% used [0x00000000f5000000,0x00000000f65fbe60,0x00000000f6600000)
  to   space 29696K, 0% used [0x00000000f3300000,0x00000000f3300000,0x00000000f5000000)
 ParOldGen       total 178688K, used 50376K [0x00000000c0000000, 0x00000000cae80000, 0x00000000eab00000)
  object space 178688K, 28% used [0x00000000c0000000,0x00000000c3132188,0x00000000cae80000)
 Metaspace       used 74871K, capacity 77520K, committed 77696K, reserved 1116160K
  class space    used 10113K, capacity 10787K, committed 10880K, reserved 1048576K
}

